2023-10-06 12:51:47.333  INFO 36668 --- [main] snsf.Application                         : Starting Application on ENMAD1494 with PID 36668 (C:\opt\repos\orangebank\target\classes started by Gustavo Castro Diez in C:\opt\repos\orangebank)
2023-10-06 12:51:47.342  INFO 36668 --- [main] snsf.Application                         : No active profile set, falling back to default profiles: default
2023-10-06 12:51:49.014  INFO 36668 --- [main] .s.d.r.c.RepositoryConfigurationDelegate : Bootstrapping Spring Data repositories in DEFAULT mode.
2023-10-06 12:51:49.129  INFO 36668 --- [main] .s.d.r.c.RepositoryConfigurationDelegate : Finished Spring Data repository scanning in 100ms. Found 1 repository interfaces.
2023-10-06 12:51:49.648  INFO 36668 --- [main] trationDelegate$BeanPostProcessorChecker : Bean 'org.springframework.transaction.annotation.ProxyTransactionManagementConfiguration' of type [org.springframework.transaction.annotation.ProxyTransactionManagementConfiguration$$EnhancerBySpringCGLIB$$479ea6f7] is not eligible for getting processed by all BeanPostProcessors (for example: not eligible for auto-proxying)
2023-10-06 12:51:50.042  INFO 36668 --- [main] o.s.b.w.embedded.tomcat.TomcatWebServer  : Tomcat initialized with port(s): 8080 (http)
2023-10-06 12:51:50.084  INFO 36668 --- [main] o.apache.catalina.core.StandardService   : Starting service [Tomcat]
2023-10-06 12:51:50.085  INFO 36668 --- [main] org.apache.catalina.core.StandardEngine  : Starting Servlet engine: [Apache Tomcat/9.0.21]
2023-10-06 12:51:50.261  INFO 36668 --- [main] o.a.c.c.C.[Tomcat].[localhost].[/]       : Initializing Spring embedded WebApplicationContext
2023-10-06 12:51:50.261  INFO 36668 --- [main] o.s.web.context.ContextLoader            : Root WebApplicationContext: initialization completed in 2849 ms
2023-10-06 12:51:50.932  INFO 36668 --- [main] com.zaxxer.hikari.HikariDataSource       : HikariPool-1 - Starting...
2023-10-06 12:51:52.644  INFO 36668 --- [main] com.zaxxer.hikari.HikariDataSource       : HikariPool-1 - Start completed.
2023-10-06 12:51:52.708  INFO 36668 --- [main] o.hibernate.jpa.internal.util.LogHelper  : HHH000204: Processing PersistenceUnitInfo [
	name: default
	...]
2023-10-06 12:51:52.835  INFO 36668 --- [main] org.hibernate.Version                    : HHH000412: Hibernate Core {5.3.10.Final}
2023-10-06 12:51:52.838  INFO 36668 --- [main] org.hibernate.cfg.Environment            : HHH000206: hibernate.properties not found
2023-10-06 12:51:53.071  INFO 36668 --- [main] o.hibernate.annotations.common.Version   : HCANN000001: Hibernate Commons Annotations {5.0.4.Final}
2023-10-06 12:51:53.347  INFO 36668 --- [main] org.hibernate.dialect.Dialect            : HHH000400: Using dialect: org.hibernate.dialect.Oracle12cDialect
2023-10-06 12:51:54.581  INFO 36668 --- [main] org.hibernate.type.BasicTypeRegistry     : HHH000270: Type registration [byte[]] overrides previous : org.hibernate.type.BinaryType@1041ebba
2023-10-06 12:51:54.582  INFO 36668 --- [main] org.hibernate.type.BasicTypeRegistry     : HHH000270: Type registration [[B] overrides previous : org.hibernate.type.BinaryType@1041ebba
2023-10-06 12:51:54.582  INFO 36668 --- [main] org.hibernate.type.BasicTypeRegistry     : HHH000270: Type registration [Byte[]] overrides previous : org.hibernate.type.WrapperBinaryType@67292fc7
2023-10-06 12:51:54.583  INFO 36668 --- [main] org.hibernate.type.BasicTypeRegistry     : HHH000270: Type registration [[Ljava.lang.Byte;] overrides previous : org.hibernate.type.WrapperBinaryType@67292fc7
2023-10-06 12:51:55.399  INFO 36668 --- [main] j.LocalContainerEntityManagerFactoryBean : Initialized JPA EntityManagerFactory for persistence unit 'default'
2023-10-06 12:51:55.959  WARN 36668 --- [main] aWebConfiguration$JpaWebMvcConfiguration : spring.jpa.open-in-view is enabled by default. Therefore, database queries may be performed during view rendering. Explicitly configure spring.jpa.open-in-view to disable this warning
2023-10-06 12:51:56.088  INFO 36668 --- [main] o.s.b.a.e.web.EndpointLinksResolver      : Exposing 2 endpoint(s) beneath base path '/actuator'
2023-10-06 12:51:56.207  INFO 36668 --- [main] pertySourcedRequestMappingHandlerMapping : Mapped URL path [/v2/api-docs] onto method [public org.springframework.http.ResponseEntity<springfox.documentation.spring.web.json.Json> springfox.documentation.swagger2.web.Swagger2Controller.getDocumentation(java.lang.String,javax.servlet.http.HttpServletRequest)]
2023-10-06 12:51:56.444  INFO 36668 --- [main] o.s.s.concurrent.ThreadPoolTaskExecutor  : Initializing ExecutorService 'applicationTaskExecutor'
2023-10-06 12:51:56.842  INFO 36668 --- [main] d.s.w.p.DocumentationPluginsBootstrapper : Context refreshed
2023-10-06 12:51:56.883  INFO 36668 --- [main] d.s.w.p.DocumentationPluginsBootstrapper : Found 1 custom documentation plugin(s)
2023-10-06 12:51:56.935  INFO 36668 --- [main] s.d.s.w.s.ApiListingReferenceScanner     : Scanning for api listing references
2023-10-06 12:51:57.148  INFO 36668 --- [main] .d.s.w.r.o.CachingOperationNameGenerator : Generating unique operation named: handleUsingGET_1
2023-10-06 12:51:57.152  INFO 36668 --- [main] .d.s.w.r.o.CachingOperationNameGenerator : Generating unique operation named: handleUsingGET_2
2023-10-06 12:51:57.154  INFO 36668 --- [main] .d.s.w.r.o.CachingOperationNameGenerator : Generating unique operation named: handleUsingGET_3
2023-10-06 12:51:57.234  INFO 36668 --- [main] o.s.b.w.embedded.tomcat.TomcatWebServer  : Tomcat started on port(s): 8080 (http) with context path ''
2023-10-06 12:51:57.236  INFO 36668 --- [main] snsf.Application                         : Started Application in 10.421 seconds (JVM running for 12.153)
2023-10-06 12:51:58.794  INFO 36668 --- [RMI TCP Connection(9)-127.0.0.1] o.a.c.c.C.[Tomcat].[localhost].[/]       : Initializing Spring DispatcherServlet 'dispatcherServlet'
2023-10-06 12:51:58.795  INFO 36668 --- [RMI TCP Connection(9)-127.0.0.1] o.s.web.servlet.DispatcherServlet        : Initializing Servlet 'dispatcherServlet'
2023-10-06 12:51:58.819  INFO 36668 --- [RMI TCP Connection(9)-127.0.0.1] o.s.web.servlet.DispatcherServlet        : Completed initialization in 22 ms
2023-10-06 13:00:21.577  INFO 36668 --- [RMI TCP Connection(19)-127.0.0.1] inMXBeanRegistrar$SpringApplicationAdmin : Application shutdown requested.
2023-10-06 13:00:21.587  INFO 36668 --- [RMI TCP Connection(19)-127.0.0.1] o.s.s.concurrent.ThreadPoolTaskExecutor  : Shutting down ExecutorService 'applicationTaskExecutor'
2023-10-06 13:00:21.589  INFO 36668 --- [RMI TCP Connection(19)-127.0.0.1] j.LocalContainerEntityManagerFactoryBean : Closing JPA EntityManagerFactory for persistence unit 'default'
2023-10-06 13:00:21.592  INFO 36668 --- [RMI TCP Connection(19)-127.0.0.1] com.zaxxer.hikari.HikariDataSource       : HikariPool-1 - Shutdown initiated...
2023-10-06 13:00:22.472  INFO 36668 --- [RMI TCP Connection(19)-127.0.0.1] com.zaxxer.hikari.HikariDataSource       : HikariPool-1 - Shutdown completed.
